{"/home/james/Documents/WS/porteiroSeverino/src/app.ts": {"path":"/home/james/Documents/WS/porteiroSeverino/src/app.ts","statementMap":{"0":{"start":{"line":1,"column":0},"end":{"line":1,"column":30}},"1":{"start":{"line":2,"column":0},"end":{"line":2,"column":35}},"2":{"start":{"line":3,"column":0},"end":{"line":3,"column":47}},"3":{"start":{"line":4,"column":0},"end":{"line":4,"column":51}},"4":{"start":{"line":5,"column":0},"end":{"line":5,"column":47}},"5":{"start":{"line":6,"column":0},"end":{"line":6,"column":45}},"6":{"start":{"line":7,"column":0},"end":{"line":7,"column":53}},"7":{"start":{"line":8,"column":0},"end":{"line":8,"column":28}},"8":{"start":{"line":10,"column":0},"end":{"line":10,"column":16}},"9":{"start":{"line":12,"column":12},"end":{"line":12,"column":21}},"10":{"start":{"line":13,"column":0},"end":{"line":13,"column":24}},"11":{"start":{"line":15,"column":41},"end":{"line":15,"column":65}},"12":{"start":{"line":16,"column":0},"end":{"line":18,"column":1}},"13":{"start":{"line":17,"column":4},"end":{"line":17,"column":70}},"14":{"start":{"line":20,"column":0},"end":{"line":20,"column":24}},"15":{"start":{"line":22,"column":0},"end":{"line":22,"column":37}},"16":{"start":{"line":23,"column":0},"end":{"line":23,"column":41}},"17":{"start":{"line":24,"column":0},"end":{"line":24,"column":37}},"18":{"start":{"line":25,"column":0},"end":{"line":25,"column":35}},"19":{"start":{"line":26,"column":0},"end":{"line":26,"column":43}},"20":{"start":{"line":28,"column":13},"end":{"line":28,"column":29}},"21":{"start":{"line":29,"column":0},"end":{"line":29,"column":73}},"22":{"start":{"line":29,"column":23},"end":{"line":29,"column":71}},"23":{"start":{"line":31,"column":0},"end":{"line":31,"column":19}}},"fnMap":{"0":{"name":"(anonymous_1)","decl":{"start":{"line":29,"column":17},"end":{"line":29,"column":20}},"loc":{"start":{"line":29,"column":23},"end":{"line":29,"column":71}}}},"branchMap":{"0":{"loc":{"start":{"line":16,"column":0},"end":{"line":18,"column":1}},"type":"if","locations":[{"start":{"line":16,"column":0},"end":{"line":18,"column":1}}]}},"s":{"0":1,"1":1,"2":1,"3":1,"4":1,"5":1,"6":1,"7":1,"8":1,"9":1,"10":1,"11":1,"12":1,"13":0,"14":1,"15":1,"16":1,"17":1,"18":1,"19":1,"20":1,"21":1,"22":1,"23":1},"f":{"0":1},"b":{"0":[0]}}
,"/home/james/Documents/WS/porteiroSeverino/src/database.ts": {"path":"/home/james/Documents/WS/porteiroSeverino/src/database.ts","statementMap":{"0":{"start":{"line":1,"column":0},"end":{"line":1,"column":32}},"1":{"start":{"line":3,"column":18},"end":{"line":11,"column":2}},"2":{"start":{"line":3,"column":48},"end":{"line":11,"column":2}},"3":{"start":{"line":4,"column":4},"end":{"line":10,"column":5}},"4":{"start":{"line":5,"column":8},"end":{"line":5,"column":44}},"5":{"start":{"line":6,"column":8},"end":{"line":6,"column":65}},"6":{"start":{"line":8,"column":8},"end":{"line":8,"column":68}},"7":{"start":{"line":9,"column":8},"end":{"line":9,"column":24}},"8":{"start":{"line":13,"column":0},"end":{"line":13,"column":25}}},"fnMap":{"0":{"name":"(anonymous_8)","decl":{"start":{"line":3,"column":18},"end":{"line":3,"column":25}},"loc":{"start":{"line":3,"column":48},"end":{"line":11,"column":2}}},"1":{"name":"(anonymous_9)","decl":{"start":{"line":3,"column":48},"end":{"line":3,"column":null}},"loc":{"start":{"line":3,"column":48},"end":{"line":11,"column":1}}}},"branchMap":{},"s":{"0":1,"1":1,"2":1,"3":1,"4":1,"5":0,"6":0,"7":0,"8":1},"f":{"0":1,"1":1},"b":{}}
,"/home/james/Documents/WS/porteiroSeverino/src/models/attendance.ts": {"path":"/home/james/Documents/WS/porteiroSeverino/src/models/attendance.ts","statementMap":{"0":{"start":{"line":1,"column":0},"end":{"line":1,"column":32}},"1":{"start":{"line":19,"column":28},"end":{"line":25,"column":2}},"2":{"start":{"line":27,"column":25},"end":{"line":33,"column":2}},"3":{"start":{"line":35,"column":19},"end":{"line":35,"column":78}},"4":{"start":{"line":37,"column":9},"end":{"line":37,"column":19}}},"fnMap":{},"branchMap":{},"s":{"0":1,"1":1,"2":1,"3":1,"4":1},"f":{},"b":{}}
,"/home/james/Documents/WS/porteiroSeverino/src/models/class.ts": {"path":"/home/james/Documents/WS/porteiroSeverino/src/models/class.ts","statementMap":{"0":{"start":{"line":1,"column":0},"end":{"line":1,"column":54}},"1":{"start":{"line":9,"column":28},"end":{"line":15,"column":2}},"2":{"start":{"line":17,"column":14},"end":{"line":17,"column":58}},"3":{"start":{"line":19,"column":9},"end":{"line":19,"column":14}}},"fnMap":{},"branchMap":{},"s":{"0":1,"1":1,"2":1,"3":1},"f":{},"b":{}}
,"/home/james/Documents/WS/porteiroSeverino/src/models/professor.ts": {"path":"/home/james/Documents/WS/porteiroSeverino/src/models/professor.ts","statementMap":{"0":{"start":{"line":3,"column":0},"end":{"line":3,"column":54}},"1":{"start":{"line":10,"column":32},"end":{"line":13,"column":2}},"2":{"start":{"line":15,"column":13},"end":{"line":15,"column":82}}},"fnMap":{},"branchMap":{},"s":{"0":1,"1":1,"2":1},"f":{},"b":{}}
,"/home/james/Documents/WS/porteiroSeverino/src/models/student.ts": {"path":"/home/james/Documents/WS/porteiroSeverino/src/models/student.ts","statementMap":{"0":{"start":{"line":1,"column":0},"end":{"line":1,"column":54}},"1":{"start":{"line":10,"column":30},"end":{"line":17,"column":2}},"2":{"start":{"line":19,"column":16},"end":{"line":19,"column":66}},"3":{"start":{"line":21,"column":9},"end":{"line":21,"column":16}}},"fnMap":{},"branchMap":{},"s":{"0":1,"1":1,"2":1,"3":1},"f":{},"b":{}}
,"/home/james/Documents/WS/porteiroSeverino/src/models/subject.ts": {"path":"/home/james/Documents/WS/porteiroSeverino/src/models/subject.ts","statementMap":{"0":{"start":{"line":1,"column":0},"end":{"line":1,"column":32}},"1":{"start":{"line":3,"column":22},"end":{"line":5,"column":2}},"2":{"start":{"line":7,"column":13},"end":{"line":7,"column":64}}},"fnMap":{},"branchMap":{},"s":{"0":1,"1":1,"2":1},"f":{},"b":{}}
,"/home/james/Documents/WS/porteiroSeverino/src/routes/attendances.ts": {"path":"/home/james/Documents/WS/porteiroSeverino/src/routes/attendances.ts","statementMap":{"0":{"start":{"line":1,"column":0},"end":{"line":1,"column":33}},"1":{"start":{"line":2,"column":0},"end":{"line":2,"column":50}},"2":{"start":{"line":4,"column":15},"end":{"line":4,"column":23}},"3":{"start":{"line":6,"column":0},"end":{"line":35,"column":3}},"4":{"start":{"line":6,"column":61},"end":{"line":35,"column":2}},"5":{"start":{"line":7,"column":4},"end":{"line":34,"column":5}},"6":{"start":{"line":8,"column":28},"end":{"line":8,"column":38}},"7":{"start":{"line":9,"column":75},"end":{"line":9,"column":83}},"8":{"start":{"line":10,"column":26},"end":{"line":10,"column":36}},"9":{"start":{"line":12,"column":8},"end":{"line":14,"column":9}},"10":{"start":{"line":13,"column":12},"end":{"line":13,"column":110}},"11":{"start":{"line":16,"column":27},"end":{"line":27,"column":10}},"12":{"start":{"line":29,"column":8},"end":{"line":29,"column":32}},"13":{"start":{"line":30,"column":8},"end":{"line":30,"column":41}},"14":{"start":{"line":32,"column":8},"end":{"line":32,"column":29}},"15":{"start":{"line":33,"column":8},"end":{"line":33,"column":78}},"16":{"start":{"line":37,"column":0},"end":{"line":51,"column":3}},"17":{"start":{"line":37,"column":59},"end":{"line":51,"column":2}},"18":{"start":{"line":38,"column":4},"end":{"line":50,"column":5}},"19":{"start":{"line":39,"column":28},"end":{"line":39,"column":38}},"20":{"start":{"line":40,"column":30},"end":{"line":40,"column":38}},"21":{"start":{"line":41,"column":24},"end":{"line":41,"column":34}},"22":{"start":{"line":42,"column":8},"end":{"line":45,"column":10}},"23":{"start":{"line":46,"column":8},"end":{"line":46,"column":null}},"24":{"start":{"line":48,"column":8},"end":{"line":48,"column":29}},"25":{"start":{"line":49,"column":8},"end":{"line":49,"column":85}},"26":{"start":{"line":53,"column":0},"end":{"line":53,"column":22}}},"fnMap":{"0":{"name":"(anonymous_7)","decl":{"start":{"line":6,"column":42},"end":{"line":6,"column":49}},"loc":{"start":{"line":6,"column":61},"end":{"line":35,"column":2}}},"1":{"name":"(anonymous_8)","decl":{"start":{"line":6,"column":61},"end":{"line":6,"column":null}},"loc":{"start":{"line":6,"column":61},"end":{"line":35,"column":1}}},"2":{"name":"(anonymous_9)","decl":{"start":{"line":37,"column":40},"end":{"line":37,"column":47}},"loc":{"start":{"line":37,"column":59},"end":{"line":51,"column":2}}},"3":{"name":"(anonymous_10)","decl":{"start":{"line":37,"column":59},"end":{"line":37,"column":null}},"loc":{"start":{"line":37,"column":59},"end":{"line":51,"column":1}}}},"branchMap":{"0":{"loc":{"start":{"line":12,"column":8},"end":{"line":14,"column":9}},"type":"if","locations":[{"start":{"line":12,"column":8},"end":{"line":14,"column":9}}]},"1":{"loc":{"start":{"line":12,"column":12},"end":{"line":12,"column":82}},"type":"binary-expr","locations":[{"start":{"line":12,"column":12},"end":{"line":12,"column":22}},{"start":{"line":12,"column":26},"end":{"line":12,"column":35}},{"start":{"line":12,"column":39},"end":{"line":12,"column":44}},{"start":{"line":12,"column":48},"end":{"line":12,"column":56}},{"start":{"line":12,"column":60},"end":{"line":12,"column":73}},{"start":{"line":12,"column":77},"end":{"line":12,"column":82}}]}},"s":{"0":1,"1":1,"2":1,"3":1,"4":0,"5":0,"6":0,"7":0,"8":0,"9":0,"10":0,"11":0,"12":0,"13":0,"14":0,"15":0,"16":1,"17":0,"18":0,"19":0,"20":0,"21":0,"22":0,"23":0,"24":0,"25":0,"26":1},"f":{"0":0,"1":0,"2":0,"3":0},"b":{"0":[0],"1":[0,0,0,0,0,0]}}
,"/home/james/Documents/WS/porteiroSeverino/src/routes/classes.ts": {"path":"/home/james/Documents/WS/porteiroSeverino/src/routes/classes.ts","statementMap":{"0":{"start":{"line":1,"column":0},"end":{"line":1,"column":52}},"1":{"start":{"line":2,"column":0},"end":{"line":2,"column":40}},"2":{"start":{"line":3,"column":0},"end":{"line":3,"column":44}},"3":{"start":{"line":4,"column":0},"end":{"line":4,"column":32}},"4":{"start":{"line":6,"column":15},"end":{"line":6,"column":23}},"5":{"start":{"line":8,"column":0},"end":{"line":16,"column":3}},"6":{"start":{"line":8,"column":55},"end":{"line":16,"column":2}},"7":{"start":{"line":9,"column":4},"end":{"line":15,"column":5}},"8":{"start":{"line":10,"column":26},"end":{"line":10,"column":34}},"9":{"start":{"line":11,"column":22},"end":{"line":11,"column":51}},"10":{"start":{"line":12,"column":8},"end":{"line":12,"column":36}},"11":{"start":{"line":14,"column":8},"end":{"line":14,"column":72}},"12":{"start":{"line":18,"column":0},"end":{"line":25,"column":3}},"13":{"start":{"line":18,"column":54},"end":{"line":25,"column":2}},"14":{"start":{"line":19,"column":4},"end":{"line":24,"column":5}},"15":{"start":{"line":20,"column":23},"end":{"line":20,"column":41}},"16":{"start":{"line":21,"column":8},"end":{"line":21,"column":25}},"17":{"start":{"line":23,"column":8},"end":{"line":23,"column":73}},"18":{"start":{"line":27,"column":0},"end":{"line":40,"column":3}},"19":{"start":{"line":27,"column":57},"end":{"line":40,"column":2}},"20":{"start":{"line":28,"column":20},"end":{"line":28,"column":62}},"21":{"start":{"line":29,"column":22},"end":{"line":29,"column":30}},"22":{"start":{"line":31,"column":4},"end":{"line":39,"column":5}},"23":{"start":{"line":32,"column":29},"end":{"line":32,"column":93}},"24":{"start":{"line":33,"column":8},"end":{"line":35,"column":9}},"25":{"start":{"line":34,"column":12},"end":{"line":34,"column":77}},"26":{"start":{"line":36,"column":8},"end":{"line":36,"column":31}},"27":{"start":{"line":38,"column":8},"end":{"line":38,"column":76}},"28":{"start":{"line":42,"column":0},"end":{"line":54,"column":3}},"29":{"start":{"line":42,"column":60},"end":{"line":54,"column":2}},"30":{"start":{"line":43,"column":20},"end":{"line":43,"column":62}},"31":{"start":{"line":45,"column":4},"end":{"line":53,"column":5}},"32":{"start":{"line":46,"column":29},"end":{"line":46,"column":67}},"33":{"start":{"line":47,"column":8},"end":{"line":49,"column":9}},"34":{"start":{"line":48,"column":12},"end":{"line":48,"column":77}},"35":{"start":{"line":50,"column":8},"end":{"line":50,"column":28}},"36":{"start":{"line":52,"column":8},"end":{"line":52,"column":74}},"37":{"start":{"line":56,"column":0},"end":{"line":84,"column":3}},"38":{"start":{"line":56,"column":64},"end":{"line":84,"column":2}},"39":{"start":{"line":57,"column":4},"end":{"line":59,"column":5}},"40":{"start":{"line":58,"column":8},"end":{"line":58,"column":66}},"41":{"start":{"line":61,"column":20},"end":{"line":61,"column":67}},"42":{"start":{"line":62,"column":22},"end":{"line":62,"column":71}},"43":{"start":{"line":64,"column":4},"end":{"line":83,"column":5}},"44":{"start":{"line":65,"column":25},"end":{"line":65,"column":54}},"45":{"start":{"line":66,"column":24},"end":{"line":66,"column":57}},"46":{"start":{"line":68,"column":8},"end":{"line":70,"column":9}},"47":{"start":{"line":69,"column":12},"end":{"line":69,"column":86}},"48":{"start":{"line":72,"column":8},"end":{"line":74,"column":9}},"49":{"start":{"line":73,"column":12},"end":{"line":73,"column":91}},"50":{"start":{"line":76,"column":8},"end":{"line":76,"column":42}},"51":{"start":{"line":77,"column":8},"end":{"line":77,"column":30}},"52":{"start":{"line":79,"column":8},"end":{"line":79,"column":72}},"53":{"start":{"line":81,"column":8},"end":{"line":81,"column":29}},"54":{"start":{"line":82,"column":8},"end":{"line":82,"column":79}},"55":{"start":{"line":86,"column":0},"end":{"line":109,"column":3}},"56":{"start":{"line":86,"column":66},"end":{"line":109,"column":2}},"57":{"start":{"line":87,"column":4},"end":{"line":89,"column":5}},"58":{"start":{"line":88,"column":8},"end":{"line":88,"column":66}},"59":{"start":{"line":91,"column":20},"end":{"line":91,"column":67}},"60":{"start":{"line":92,"column":22},"end":{"line":92,"column":71}},"61":{"start":{"line":94,"column":4},"end":{"line":108,"column":5}},"62":{"start":{"line":95,"column":25},"end":{"line":95,"column":54}},"63":{"start":{"line":97,"column":8},"end":{"line":99,"column":9}},"64":{"start":{"line":98,"column":12},"end":{"line":98,"column":77}},"65":{"start":{"line":101,"column":8},"end":{"line":101,"column":86}},"66":{"start":{"line":101,"column":62},"end":{"line":101,"column":84}},"67":{"start":{"line":102,"column":8},"end":{"line":102,"column":30}},"68":{"start":{"line":104,"column":8},"end":{"line":104,"column":69}},"69":{"start":{"line":106,"column":8},"end":{"line":106,"column":29}},"70":{"start":{"line":107,"column":8},"end":{"line":107,"column":76}},"71":{"start":{"line":111,"column":0},"end":{"line":111,"column":22}}},"fnMap":{"0":{"name":"(anonymous_8)","decl":{"start":{"line":8,"column":17},"end":{"line":8,"column":24}},"loc":{"start":{"line":8,"column":55},"end":{"line":16,"column":2}}},"1":{"name":"(anonymous_9)","decl":{"start":{"line":8,"column":55},"end":{"line":8,"column":null}},"loc":{"start":{"line":8,"column":55},"end":{"line":16,"column":1}}},"2":{"name":"(anonymous_10)","decl":{"start":{"line":18,"column":16},"end":{"line":18,"column":23}},"loc":{"start":{"line":18,"column":54},"end":{"line":25,"column":2}}},"3":{"name":"(anonymous_11)","decl":{"start":{"line":18,"column":54},"end":{"line":18,"column":null}},"loc":{"start":{"line":18,"column":54},"end":{"line":25,"column":1}}},"4":{"name":"(anonymous_12)","decl":{"start":{"line":27,"column":19},"end":{"line":27,"column":26}},"loc":{"start":{"line":27,"column":57},"end":{"line":40,"column":2}}},"5":{"name":"(anonymous_13)","decl":{"start":{"line":27,"column":57},"end":{"line":27,"column":null}},"loc":{"start":{"line":27,"column":57},"end":{"line":40,"column":1}}},"6":{"name":"(anonymous_14)","decl":{"start":{"line":42,"column":22},"end":{"line":42,"column":29}},"loc":{"start":{"line":42,"column":60},"end":{"line":54,"column":2}}},"7":{"name":"(anonymous_15)","decl":{"start":{"line":42,"column":60},"end":{"line":42,"column":null}},"loc":{"start":{"line":42,"column":60},"end":{"line":54,"column":1}}},"8":{"name":"(anonymous_16)","decl":{"start":{"line":56,"column":45},"end":{"line":56,"column":52}},"loc":{"start":{"line":56,"column":64},"end":{"line":84,"column":2}}},"9":{"name":"(anonymous_17)","decl":{"start":{"line":56,"column":64},"end":{"line":56,"column":null}},"loc":{"start":{"line":56,"column":64},"end":{"line":84,"column":1}}},"10":{"name":"(anonymous_18)","decl":{"start":{"line":86,"column":47},"end":{"line":86,"column":54}},"loc":{"start":{"line":86,"column":66},"end":{"line":109,"column":2}}},"11":{"name":"(anonymous_19)","decl":{"start":{"line":86,"column":66},"end":{"line":86,"column":null}},"loc":{"start":{"line":86,"column":66},"end":{"line":109,"column":1}}},"12":{"name":"(anonymous_20)","decl":{"start":{"line":101,"column":53},"end":{"line":101,"column":54}},"loc":{"start":{"line":101,"column":62},"end":{"line":101,"column":84}}}},"branchMap":{"0":{"loc":{"start":{"line":33,"column":8},"end":{"line":35,"column":9}},"type":"if","locations":[{"start":{"line":33,"column":8},"end":{"line":35,"column":9}}]},"1":{"loc":{"start":{"line":47,"column":8},"end":{"line":49,"column":9}},"type":"if","locations":[{"start":{"line":47,"column":8},"end":{"line":49,"column":9}}]},"2":{"loc":{"start":{"line":57,"column":4},"end":{"line":59,"column":5}},"type":"if","locations":[{"start":{"line":57,"column":4},"end":{"line":59,"column":5}}]},"3":{"loc":{"start":{"line":57,"column":8},"end":{"line":57,"column":104}},"type":"binary-expr","locations":[{"start":{"line":57,"column":8},"end":{"line":57,"column":53}},{"start":{"line":57,"column":57},"end":{"line":57,"column":104}}]},"4":{"loc":{"start":{"line":68,"column":8},"end":{"line":70,"column":9}},"type":"if","locations":[{"start":{"line":68,"column":8},"end":{"line":70,"column":9}}]},"5":{"loc":{"start":{"line":68,"column":12},"end":{"line":68,"column":33}},"type":"binary-expr","locations":[{"start":{"line":68,"column":12},"end":{"line":68,"column":21}},{"start":{"line":68,"column":25},"end":{"line":68,"column":33}}]},"6":{"loc":{"start":{"line":72,"column":8},"end":{"line":74,"column":9}},"type":"if","locations":[{"start":{"line":72,"column":8},"end":{"line":74,"column":9}}]},"7":{"loc":{"start":{"line":87,"column":4},"end":{"line":89,"column":5}},"type":"if","locations":[{"start":{"line":87,"column":4},"end":{"line":89,"column":5}}]},"8":{"loc":{"start":{"line":87,"column":8},"end":{"line":87,"column":104}},"type":"binary-expr","locations":[{"start":{"line":87,"column":8},"end":{"line":87,"column":53}},{"start":{"line":87,"column":57},"end":{"line":87,"column":104}}]},"9":{"loc":{"start":{"line":97,"column":8},"end":{"line":99,"column":9}},"type":"if","locations":[{"start":{"line":97,"column":8},"end":{"line":99,"column":9}}]}},"s":{"0":1,"1":1,"2":1,"3":1,"4":1,"5":1,"6":0,"7":0,"8":0,"9":0,"10":0,"11":0,"12":1,"13":0,"14":0,"15":0,"16":0,"17":0,"18":1,"19":0,"20":0,"21":0,"22":0,"23":0,"24":0,"25":0,"26":0,"27":0,"28":1,"29":0,"30":0,"31":0,"32":0,"33":0,"34":0,"35":0,"36":0,"37":1,"38":0,"39":0,"40":0,"41":0,"42":0,"43":0,"44":0,"45":0,"46":0,"47":0,"48":0,"49":0,"50":0,"51":0,"52":0,"53":0,"54":0,"55":1,"56":0,"57":0,"58":0,"59":0,"60":0,"61":0,"62":0,"63":0,"64":0,"65":0,"66":0,"67":0,"68":0,"69":0,"70":0,"71":1},"f":{"0":0,"1":0,"2":0,"3":0,"4":0,"5":0,"6":0,"7":0,"8":0,"9":0,"10":0,"11":0,"12":0},"b":{"0":[0],"1":[0],"2":[0],"3":[0,0],"4":[0],"5":[0,0],"6":[0],"7":[0],"8":[0,0],"9":[0]}}
,"/home/james/Documents/WS/porteiroSeverino/src/routes/professors.ts": {"path":"/home/james/Documents/WS/porteiroSeverino/src/routes/professors.ts","statementMap":{"0":{"start":{"line":1,"column":0},"end":{"line":1,"column":52}},"1":{"start":{"line":2,"column":0},"end":{"line":2,"column":48}},"2":{"start":{"line":3,"column":0},"end":{"line":3,"column":44}},"3":{"start":{"line":4,"column":0},"end":{"line":4,"column":32}},"4":{"start":{"line":6,"column":15},"end":{"line":6,"column":23}},"5":{"start":{"line":8,"column":0},"end":{"line":16,"column":3}},"6":{"start":{"line":8,"column":55},"end":{"line":16,"column":2}},"7":{"start":{"line":9,"column":4},"end":{"line":15,"column":5}},"8":{"start":{"line":10,"column":30},"end":{"line":10,"column":38}},"9":{"start":{"line":11,"column":26},"end":{"line":11,"column":63}},"10":{"start":{"line":12,"column":8},"end":{"line":12,"column":40}},"11":{"start":{"line":14,"column":8},"end":{"line":14,"column":76}},"12":{"start":{"line":18,"column":0},"end":{"line":25,"column":3}},"13":{"start":{"line":18,"column":54},"end":{"line":25,"column":2}},"14":{"start":{"line":19,"column":4},"end":{"line":24,"column":5}},"15":{"start":{"line":20,"column":28},"end":{"line":20,"column":50}},"16":{"start":{"line":21,"column":8},"end":{"line":21,"column":30}},"17":{"start":{"line":23,"column":8},"end":{"line":23,"column":78}},"18":{"start":{"line":27,"column":0},"end":{"line":38,"column":3}},"19":{"start":{"line":27,"column":38},"end":{"line":38,"column":2}},"20":{"start":{"line":28,"column":4},"end":{"line":37,"column":5}},"21":{"start":{"line":29,"column":28},"end":{"line":29,"column":70}},"22":{"start":{"line":30,"column":26},"end":{"line":30,"column":63}},"23":{"start":{"line":31,"column":8},"end":{"line":33,"column":9}},"24":{"start":{"line":32,"column":12},"end":{"line":32,"column":81}},"25":{"start":{"line":34,"column":8},"end":{"line":34,"column":28}},"26":{"start":{"line":36,"column":8},"end":{"line":36,"column":76}},"27":{"start":{"line":40,"column":0},"end":{"line":52,"column":3}},"28":{"start":{"line":40,"column":57},"end":{"line":52,"column":2}},"29":{"start":{"line":41,"column":4},"end":{"line":51,"column":5}},"30":{"start":{"line":42,"column":28},"end":{"line":42,"column":70}},"31":{"start":{"line":43,"column":30},"end":{"line":43,"column":38}},"32":{"start":{"line":44,"column":33},"end":{"line":44,"column":109}},"33":{"start":{"line":45,"column":8},"end":{"line":47,"column":9}},"34":{"start":{"line":46,"column":12},"end":{"line":46,"column":81}},"35":{"start":{"line":48,"column":8},"end":{"line":48,"column":35}},"36":{"start":{"line":50,"column":8},"end":{"line":50,"column":80}},"37":{"start":{"line":54,"column":0},"end":{"line":65,"column":3}},"38":{"start":{"line":54,"column":60},"end":{"line":65,"column":2}},"39":{"start":{"line":55,"column":4},"end":{"line":64,"column":5}},"40":{"start":{"line":56,"column":28},"end":{"line":56,"column":70}},"41":{"start":{"line":57,"column":33},"end":{"line":57,"column":79}},"42":{"start":{"line":58,"column":8},"end":{"line":60,"column":9}},"43":{"start":{"line":59,"column":12},"end":{"line":59,"column":81}},"44":{"start":{"line":61,"column":8},"end":{"line":61,"column":28}},"45":{"start":{"line":63,"column":8},"end":{"line":63,"column":78}},"46":{"start":{"line":67,"column":0},"end":{"line":96,"column":3}},"47":{"start":{"line":67,"column":60},"end":{"line":96,"column":2}},"48":{"start":{"line":68,"column":4},"end":{"line":95,"column":5}},"49":{"start":{"line":69,"column":35},"end":{"line":69,"column":45}},"50":{"start":{"line":70,"column":8},"end":{"line":72,"column":9}},"51":{"start":{"line":71,"column":12},"end":{"line":71,"column":70}},"52":{"start":{"line":74,"column":28},"end":{"line":74,"column":63}},"53":{"start":{"line":75,"column":26},"end":{"line":75,"column":61}},"54":{"start":{"line":77,"column":26},"end":{"line":77,"column":63}},"55":{"start":{"line":78,"column":24},"end":{"line":78,"column":57}},"56":{"start":{"line":80,"column":8},"end":{"line":82,"column":9}},"57":{"start":{"line":81,"column":12},"end":{"line":81,"column":96}},"58":{"start":{"line":84,"column":8},"end":{"line":86,"column":9}},"59":{"start":{"line":85,"column":12},"end":{"line":85,"column":92}},"60":{"start":{"line":88,"column":8},"end":{"line":88,"column":43}},"61":{"start":{"line":89,"column":8},"end":{"line":89,"column":31}},"62":{"start":{"line":91,"column":8},"end":{"line":91,"column":78}},"63":{"start":{"line":93,"column":8},"end":{"line":93,"column":29}},"64":{"start":{"line":94,"column":8},"end":{"line":94,"column":92}},"65":{"start":{"line":98,"column":0},"end":{"line":122,"column":3}},"66":{"start":{"line":98,"column":62},"end":{"line":122,"column":2}},"67":{"start":{"line":99,"column":4},"end":{"line":121,"column":5}},"68":{"start":{"line":100,"column":35},"end":{"line":100,"column":45}},"69":{"start":{"line":101,"column":8},"end":{"line":103,"column":9}},"70":{"start":{"line":102,"column":12},"end":{"line":102,"column":70}},"71":{"start":{"line":105,"column":28},"end":{"line":105,"column":63}},"72":{"start":{"line":106,"column":26},"end":{"line":106,"column":61}},"73":{"start":{"line":108,"column":26},"end":{"line":108,"column":63}},"74":{"start":{"line":110,"column":8},"end":{"line":112,"column":9}},"75":{"start":{"line":111,"column":12},"end":{"line":111,"column":81}},"76":{"start":{"line":114,"column":8},"end":{"line":114,"column":125}},"77":{"start":{"line":114,"column":95},"end":{"line":114,"column":123}},"78":{"start":{"line":115,"column":8},"end":{"line":115,"column":31}},"79":{"start":{"line":117,"column":8},"end":{"line":117,"column":82}},"80":{"start":{"line":119,"column":8},"end":{"line":119,"column":29}},"81":{"start":{"line":120,"column":8},"end":{"line":120,"column":96}},"82":{"start":{"line":124,"column":0},"end":{"line":124,"column":22}}},"fnMap":{"0":{"name":"(anonymous_8)","decl":{"start":{"line":8,"column":17},"end":{"line":8,"column":24}},"loc":{"start":{"line":8,"column":55},"end":{"line":16,"column":2}}},"1":{"name":"(anonymous_9)","decl":{"start":{"line":8,"column":55},"end":{"line":8,"column":null}},"loc":{"start":{"line":8,"column":55},"end":{"line":16,"column":1}}},"2":{"name":"(anonymous_10)","decl":{"start":{"line":18,"column":16},"end":{"line":18,"column":23}},"loc":{"start":{"line":18,"column":54},"end":{"line":25,"column":2}}},"3":{"name":"(anonymous_11)","decl":{"start":{"line":18,"column":54},"end":{"line":18,"column":null}},"loc":{"start":{"line":18,"column":54},"end":{"line":25,"column":1}}},"4":{"name":"(anonymous_12)","decl":{"start":{"line":27,"column":19},"end":{"line":27,"column":26}},"loc":{"start":{"line":27,"column":38},"end":{"line":38,"column":2}}},"5":{"name":"(anonymous_13)","decl":{"start":{"line":27,"column":38},"end":{"line":27,"column":null}},"loc":{"start":{"line":27,"column":38},"end":{"line":38,"column":1}}},"6":{"name":"(anonymous_14)","decl":{"start":{"line":40,"column":19},"end":{"line":40,"column":26}},"loc":{"start":{"line":40,"column":57},"end":{"line":52,"column":2}}},"7":{"name":"(anonymous_15)","decl":{"start":{"line":40,"column":57},"end":{"line":40,"column":null}},"loc":{"start":{"line":40,"column":57},"end":{"line":52,"column":1}}},"8":{"name":"(anonymous_16)","decl":{"start":{"line":54,"column":22},"end":{"line":54,"column":29}},"loc":{"start":{"line":54,"column":60},"end":{"line":65,"column":2}}},"9":{"name":"(anonymous_17)","decl":{"start":{"line":54,"column":60},"end":{"line":54,"column":null}},"loc":{"start":{"line":54,"column":60},"end":{"line":65,"column":1}}},"10":{"name":"(anonymous_18)","decl":{"start":{"line":67,"column":41},"end":{"line":67,"column":48}},"loc":{"start":{"line":67,"column":60},"end":{"line":96,"column":2}}},"11":{"name":"(anonymous_19)","decl":{"start":{"line":67,"column":60},"end":{"line":67,"column":null}},"loc":{"start":{"line":67,"column":60},"end":{"line":96,"column":1}}},"12":{"name":"(anonymous_20)","decl":{"start":{"line":98,"column":43},"end":{"line":98,"column":50}},"loc":{"start":{"line":98,"column":62},"end":{"line":122,"column":2}}},"13":{"name":"(anonymous_21)","decl":{"start":{"line":98,"column":62},"end":{"line":98,"column":null}},"loc":{"start":{"line":98,"column":62},"end":{"line":122,"column":1}}},"14":{"name":"(anonymous_22)","decl":{"start":{"line":114,"column":55},"end":{"line":114,"column":56}},"loc":{"start":{"line":114,"column":95},"end":{"line":114,"column":123}}}},"branchMap":{"0":{"loc":{"start":{"line":31,"column":8},"end":{"line":33,"column":9}},"type":"if","locations":[{"start":{"line":31,"column":8},"end":{"line":33,"column":9}}]},"1":{"loc":{"start":{"line":45,"column":8},"end":{"line":47,"column":9}},"type":"if","locations":[{"start":{"line":45,"column":8},"end":{"line":47,"column":9}}]},"2":{"loc":{"start":{"line":58,"column":8},"end":{"line":60,"column":9}},"type":"if","locations":[{"start":{"line":58,"column":8},"end":{"line":60,"column":9}}]},"3":{"loc":{"start":{"line":70,"column":8},"end":{"line":72,"column":9}},"type":"if","locations":[{"start":{"line":70,"column":8},"end":{"line":72,"column":9}}]},"4":{"loc":{"start":{"line":70,"column":12},"end":{"line":70,"column":82}},"type":"binary-expr","locations":[{"start":{"line":70,"column":12},"end":{"line":70,"column":45}},{"start":{"line":70,"column":49},"end":{"line":70,"column":82}}]},"5":{"loc":{"start":{"line":80,"column":8},"end":{"line":82,"column":9}},"type":"if","locations":[{"start":{"line":80,"column":8},"end":{"line":82,"column":9}}]},"6":{"loc":{"start":{"line":80,"column":12},"end":{"line":80,"column":34}},"type":"binary-expr","locations":[{"start":{"line":80,"column":12},"end":{"line":80,"column":22}},{"start":{"line":80,"column":26},"end":{"line":80,"column":34}}]},"7":{"loc":{"start":{"line":84,"column":8},"end":{"line":86,"column":9}},"type":"if","locations":[{"start":{"line":84,"column":8},"end":{"line":86,"column":9}}]},"8":{"loc":{"start":{"line":101,"column":8},"end":{"line":103,"column":9}},"type":"if","locations":[{"start":{"line":101,"column":8},"end":{"line":103,"column":9}}]},"9":{"loc":{"start":{"line":101,"column":12},"end":{"line":101,"column":82}},"type":"binary-expr","locations":[{"start":{"line":101,"column":12},"end":{"line":101,"column":45}},{"start":{"line":101,"column":49},"end":{"line":101,"column":82}}]},"10":{"loc":{"start":{"line":110,"column":8},"end":{"line":112,"column":9}},"type":"if","locations":[{"start":{"line":110,"column":8},"end":{"line":112,"column":9}}]}},"s":{"0":1,"1":1,"2":1,"3":1,"4":1,"5":1,"6":0,"7":0,"8":0,"9":0,"10":0,"11":0,"12":1,"13":0,"14":0,"15":0,"16":0,"17":0,"18":1,"19":0,"20":0,"21":0,"22":0,"23":0,"24":0,"25":0,"26":0,"27":1,"28":0,"29":0,"30":0,"31":0,"32":0,"33":0,"34":0,"35":0,"36":0,"37":1,"38":0,"39":0,"40":0,"41":0,"42":0,"43":0,"44":0,"45":0,"46":1,"47":0,"48":0,"49":0,"50":0,"51":0,"52":0,"53":0,"54":0,"55":0,"56":0,"57":0,"58":0,"59":0,"60":0,"61":0,"62":0,"63":0,"64":0,"65":1,"66":0,"67":0,"68":0,"69":0,"70":0,"71":0,"72":0,"73":0,"74":0,"75":0,"76":0,"77":0,"78":0,"79":0,"80":0,"81":0,"82":1},"f":{"0":0,"1":0,"2":0,"3":0,"4":0,"5":0,"6":0,"7":0,"8":0,"9":0,"10":0,"11":0,"12":0,"13":0,"14":0},"b":{"0":[0],"1":[0],"2":[0],"3":[0],"4":[0,0],"5":[0],"6":[0,0],"7":[0],"8":[0],"9":[0,0],"10":[0]}}
,"/home/james/Documents/WS/porteiroSeverino/src/routes/students.ts": {"path":"/home/james/Documents/WS/porteiroSeverino/src/routes/students.ts","statementMap":{"0":{"start":{"line":1,"column":0},"end":{"line":1,"column":52}},"1":{"start":{"line":2,"column":0},"end":{"line":2,"column":44}},"2":{"start":{"line":4,"column":15},"end":{"line":4,"column":23}},"3":{"start":{"line":6,"column":0},"end":{"line":14,"column":3}},"4":{"start":{"line":6,"column":55},"end":{"line":14,"column":2}},"5":{"start":{"line":7,"column":4},"end":{"line":13,"column":5}},"6":{"start":{"line":8,"column":26},"end":{"line":8,"column":34}},"7":{"start":{"line":9,"column":22},"end":{"line":9,"column":53}},"8":{"start":{"line":10,"column":8},"end":{"line":10,"column":36}},"9":{"start":{"line":12,"column":8},"end":{"line":12,"column":72}},"10":{"start":{"line":16,"column":0},"end":{"line":23,"column":3}},"11":{"start":{"line":16,"column":54},"end":{"line":23,"column":2}},"12":{"start":{"line":17,"column":4},"end":{"line":22,"column":5}},"13":{"start":{"line":18,"column":23},"end":{"line":18,"column":43}},"14":{"start":{"line":19,"column":8},"end":{"line":19,"column":25}},"15":{"start":{"line":21,"column":8},"end":{"line":21,"column":73}},"16":{"start":{"line":25,"column":0},"end":{"line":35,"column":3}},"17":{"start":{"line":25,"column":38},"end":{"line":35,"column":2}},"18":{"start":{"line":26,"column":4},"end":{"line":34,"column":5}},"19":{"start":{"line":27,"column":24},"end":{"line":27,"column":61}},"20":{"start":{"line":28,"column":8},"end":{"line":30,"column":9}},"21":{"start":{"line":29,"column":12},"end":{"line":29,"column":77}},"22":{"start":{"line":31,"column":8},"end":{"line":31,"column":26}},"23":{"start":{"line":33,"column":8},"end":{"line":33,"column":72}},"24":{"start":{"line":37,"column":0},"end":{"line":44,"column":3}},"25":{"start":{"line":37,"column":57},"end":{"line":44,"column":2}},"26":{"start":{"line":38,"column":4},"end":{"line":43,"column":5}},"27":{"start":{"line":39,"column":8},"end":{"line":39,"column":65}},"28":{"start":{"line":40,"column":8},"end":{"line":40,"column":62}},"29":{"start":{"line":42,"column":8},"end":{"line":42,"column":76}},"30":{"start":{"line":46,"column":0},"end":{"line":57,"column":3}},"31":{"start":{"line":46,"column":60},"end":{"line":57,"column":2}},"32":{"start":{"line":47,"column":4},"end":{"line":56,"column":5}},"33":{"start":{"line":48,"column":24},"end":{"line":48,"column":37}},"34":{"start":{"line":49,"column":22},"end":{"line":49,"column":62}},"35":{"start":{"line":50,"column":8},"end":{"line":52,"column":9}},"36":{"start":{"line":51,"column":12},"end":{"line":51,"column":77}},"37":{"start":{"line":53,"column":8},"end":{"line":53,"column":28}},"38":{"start":{"line":55,"column":8},"end":{"line":55,"column":74}},"39":{"start":{"line":59,"column":0},"end":{"line":59,"column":22}}},"fnMap":{"0":{"name":"(anonymous_7)","decl":{"start":{"line":6,"column":17},"end":{"line":6,"column":24}},"loc":{"start":{"line":6,"column":55},"end":{"line":14,"column":2}}},"1":{"name":"(anonymous_8)","decl":{"start":{"line":6,"column":55},"end":{"line":6,"column":null}},"loc":{"start":{"line":6,"column":55},"end":{"line":14,"column":1}}},"2":{"name":"(anonymous_9)","decl":{"start":{"line":16,"column":16},"end":{"line":16,"column":23}},"loc":{"start":{"line":16,"column":54},"end":{"line":23,"column":2}}},"3":{"name":"(anonymous_10)","decl":{"start":{"line":16,"column":54},"end":{"line":16,"column":null}},"loc":{"start":{"line":16,"column":54},"end":{"line":23,"column":1}}},"4":{"name":"(anonymous_11)","decl":{"start":{"line":25,"column":19},"end":{"line":25,"column":26}},"loc":{"start":{"line":25,"column":38},"end":{"line":35,"column":2}}},"5":{"name":"(anonymous_12)","decl":{"start":{"line":25,"column":38},"end":{"line":25,"column":null}},"loc":{"start":{"line":25,"column":38},"end":{"line":35,"column":1}}},"6":{"name":"(anonymous_13)","decl":{"start":{"line":37,"column":19},"end":{"line":37,"column":26}},"loc":{"start":{"line":37,"column":57},"end":{"line":44,"column":2}}},"7":{"name":"(anonymous_14)","decl":{"start":{"line":37,"column":57},"end":{"line":37,"column":null}},"loc":{"start":{"line":37,"column":57},"end":{"line":44,"column":1}}},"8":{"name":"(anonymous_15)","decl":{"start":{"line":46,"column":22},"end":{"line":46,"column":29}},"loc":{"start":{"line":46,"column":60},"end":{"line":57,"column":2}}},"9":{"name":"(anonymous_16)","decl":{"start":{"line":46,"column":60},"end":{"line":46,"column":null}},"loc":{"start":{"line":46,"column":60},"end":{"line":57,"column":1}}}},"branchMap":{"0":{"loc":{"start":{"line":28,"column":8},"end":{"line":30,"column":9}},"type":"if","locations":[{"start":{"line":28,"column":8},"end":{"line":30,"column":9}}]},"1":{"loc":{"start":{"line":50,"column":8},"end":{"line":52,"column":9}},"type":"if","locations":[{"start":{"line":50,"column":8},"end":{"line":52,"column":9}}]}},"s":{"0":1,"1":1,"2":1,"3":1,"4":0,"5":0,"6":0,"7":0,"8":0,"9":0,"10":1,"11":0,"12":0,"13":0,"14":0,"15":0,"16":1,"17":0,"18":0,"19":0,"20":0,"21":0,"22":0,"23":0,"24":1,"25":0,"26":0,"27":0,"28":0,"29":0,"30":1,"31":0,"32":0,"33":0,"34":0,"35":0,"36":0,"37":0,"38":0,"39":1},"f":{"0":0,"1":0,"2":0,"3":0,"4":0,"5":0,"6":0,"7":0,"8":0,"9":0},"b":{"0":[0],"1":[0]}}
,"/home/james/Documents/WS/porteiroSeverino/src/routes/subjects.ts": {"path":"/home/james/Documents/WS/porteiroSeverino/src/routes/subjects.ts","statementMap":{"0":{"start":{"line":1,"column":0},"end":{"line":1,"column":33}},"1":{"start":{"line":2,"column":0},"end":{"line":2,"column":44}},"2":{"start":{"line":4,"column":15},"end":{"line":4,"column":23}},"3":{"start":{"line":6,"column":0},"end":{"line":13,"column":3}},"4":{"start":{"line":6,"column":35},"end":{"line":13,"column":2}},"5":{"start":{"line":7,"column":4},"end":{"line":12,"column":5}},"6":{"start":{"line":8,"column":25},"end":{"line":8,"column":45}},"7":{"start":{"line":9,"column":8},"end":{"line":9,"column":27}},"8":{"start":{"line":11,"column":8},"end":{"line":11,"column":78}},"9":{"start":{"line":15,"column":0},"end":{"line":23,"column":3}},"10":{"start":{"line":15,"column":36},"end":{"line":23,"column":2}},"11":{"start":{"line":16,"column":4},"end":{"line":22,"column":5}},"12":{"start":{"line":17,"column":27},"end":{"line":17,"column":48}},"13":{"start":{"line":18,"column":8},"end":{"line":18,"column":32}},"14":{"start":{"line":19,"column":8},"end":{"line":19,"column":41}},"15":{"start":{"line":21,"column":8},"end":{"line":21,"column":77}},"16":{"start":{"line":25,"column":0},"end":{"line":35,"column":3}},"17":{"start":{"line":25,"column":38},"end":{"line":35,"column":2}},"18":{"start":{"line":26,"column":4},"end":{"line":34,"column":5}},"19":{"start":{"line":27,"column":24},"end":{"line":27,"column":61}},"20":{"start":{"line":28,"column":8},"end":{"line":30,"column":9}},"21":{"start":{"line":29,"column":12},"end":{"line":29,"column":82}},"22":{"start":{"line":31,"column":8},"end":{"line":31,"column":26}},"23":{"start":{"line":33,"column":8},"end":{"line":33,"column":77}},"24":{"start":{"line":37,"column":0},"end":{"line":44,"column":3}},"25":{"start":{"line":37,"column":37},"end":{"line":44,"column":2}},"26":{"start":{"line":38,"column":4},"end":{"line":43,"column":5}},"27":{"start":{"line":39,"column":8},"end":{"line":39,"column":65}},"28":{"start":{"line":40,"column":8},"end":{"line":40,"column":67}},"29":{"start":{"line":42,"column":8},"end":{"line":42,"column":81}},"30":{"start":{"line":46,"column":0},"end":{"line":56,"column":3}},"31":{"start":{"line":46,"column":41},"end":{"line":56,"column":2}},"32":{"start":{"line":47,"column":4},"end":{"line":55,"column":5}},"33":{"start":{"line":48,"column":31},"end":{"line":48,"column":77}},"34":{"start":{"line":49,"column":8},"end":{"line":51,"column":9}},"35":{"start":{"line":50,"column":12},"end":{"line":50,"column":82}},"36":{"start":{"line":52,"column":8},"end":{"line":52,"column":65}},"37":{"start":{"line":54,"column":8},"end":{"line":54,"column":79}},"38":{"start":{"line":58,"column":0},"end":{"line":58,"column":22}}},"fnMap":{"0":{"name":"(anonymous_7)","decl":{"start":{"line":6,"column":16},"end":{"line":6,"column":23}},"loc":{"start":{"line":6,"column":35},"end":{"line":13,"column":2}}},"1":{"name":"(anonymous_8)","decl":{"start":{"line":6,"column":35},"end":{"line":6,"column":null}},"loc":{"start":{"line":6,"column":35},"end":{"line":13,"column":1}}},"2":{"name":"(anonymous_9)","decl":{"start":{"line":15,"column":17},"end":{"line":15,"column":24}},"loc":{"start":{"line":15,"column":36},"end":{"line":23,"column":2}}},"3":{"name":"(anonymous_10)","decl":{"start":{"line":15,"column":36},"end":{"line":15,"column":null}},"loc":{"start":{"line":15,"column":36},"end":{"line":23,"column":1}}},"4":{"name":"(anonymous_11)","decl":{"start":{"line":25,"column":19},"end":{"line":25,"column":26}},"loc":{"start":{"line":25,"column":38},"end":{"line":35,"column":2}}},"5":{"name":"(anonymous_12)","decl":{"start":{"line":25,"column":38},"end":{"line":25,"column":null}},"loc":{"start":{"line":25,"column":38},"end":{"line":35,"column":1}}},"6":{"name":"(anonymous_13)","decl":{"start":{"line":37,"column":19},"end":{"line":37,"column":26}},"loc":{"start":{"line":37,"column":37},"end":{"line":44,"column":2}}},"7":{"name":"(anonymous_14)","decl":{"start":{"line":37,"column":37},"end":{"line":37,"column":null}},"loc":{"start":{"line":37,"column":37},"end":{"line":44,"column":1}}},"8":{"name":"(anonymous_15)","decl":{"start":{"line":46,"column":22},"end":{"line":46,"column":29}},"loc":{"start":{"line":46,"column":41},"end":{"line":56,"column":2}}},"9":{"name":"(anonymous_16)","decl":{"start":{"line":46,"column":41},"end":{"line":46,"column":null}},"loc":{"start":{"line":46,"column":41},"end":{"line":56,"column":1}}}},"branchMap":{"0":{"loc":{"start":{"line":28,"column":8},"end":{"line":30,"column":9}},"type":"if","locations":[{"start":{"line":28,"column":8},"end":{"line":30,"column":9}}]},"1":{"loc":{"start":{"line":49,"column":8},"end":{"line":51,"column":9}},"type":"if","locations":[{"start":{"line":49,"column":8},"end":{"line":51,"column":9}}]}},"s":{"0":1,"1":1,"2":1,"3":1,"4":0,"5":0,"6":0,"7":0,"8":0,"9":1,"10":0,"11":0,"12":0,"13":0,"14":0,"15":0,"16":1,"17":0,"18":0,"19":0,"20":0,"21":0,"22":0,"23":0,"24":1,"25":0,"26":0,"27":0,"28":0,"29":0,"30":1,"31":0,"32":0,"33":0,"34":0,"35":0,"36":0,"37":0,"38":1},"f":{"0":0,"1":0,"2":0,"3":0,"4":0,"5":0,"6":0,"7":0,"8":0,"9":0},"b":{"0":[0],"1":[0]}}
}
