{"/home/james/Documents/WS/porteiroSeverino/src/app.ts": {"path":"/home/james/Documents/WS/porteiroSeverino/src/app.ts","statementMap":{"0":{"start":{"line":1,"column":0},"end":{"line":1,"column":30}},"1":{"start":{"line":2,"column":0},"end":{"line":2,"column":35}},"2":{"start":{"line":3,"column":0},"end":{"line":3,"column":47}},"3":{"start":{"line":4,"column":0},"end":{"line":4,"column":51}},"4":{"start":{"line":5,"column":0},"end":{"line":5,"column":47}},"5":{"start":{"line":6,"column":0},"end":{"line":6,"column":45}},"6":{"start":{"line":7,"column":0},"end":{"line":7,"column":53}},"7":{"start":{"line":8,"column":0},"end":{"line":8,"column":28}},"8":{"start":{"line":10,"column":0},"end":{"line":10,"column":16}},"9":{"start":{"line":12,"column":12},"end":{"line":12,"column":21}},"10":{"start":{"line":13,"column":0},"end":{"line":13,"column":24}},"11":{"start":{"line":15,"column":41},"end":{"line":15,"column":65}},"12":{"start":{"line":16,"column":0},"end":{"line":18,"column":1}},"13":{"start":{"line":17,"column":4},"end":{"line":17,"column":70}},"14":{"start":{"line":20,"column":0},"end":{"line":20,"column":24}},"15":{"start":{"line":22,"column":0},"end":{"line":22,"column":37}},"16":{"start":{"line":23,"column":0},"end":{"line":23,"column":41}},"17":{"start":{"line":24,"column":0},"end":{"line":24,"column":37}},"18":{"start":{"line":25,"column":0},"end":{"line":25,"column":35}},"19":{"start":{"line":26,"column":0},"end":{"line":26,"column":43}},"20":{"start":{"line":28,"column":13},"end":{"line":28,"column":29}},"21":{"start":{"line":29,"column":0},"end":{"line":29,"column":73}},"22":{"start":{"line":29,"column":23},"end":{"line":29,"column":71}},"23":{"start":{"line":31,"column":0},"end":{"line":31,"column":19}}},"fnMap":{"0":{"name":"(anonymous_1)","decl":{"start":{"line":29,"column":17},"end":{"line":29,"column":20}},"loc":{"start":{"line":29,"column":23},"end":{"line":29,"column":71}}}},"branchMap":{"0":{"loc":{"start":{"line":16,"column":0},"end":{"line":18,"column":1}},"type":"if","locations":[{"start":{"line":16,"column":0},"end":{"line":18,"column":1}}]}},"s":{"0":0,"1":0,"2":0,"3":0,"4":0,"5":0,"6":0,"7":0,"8":0,"9":0,"10":0,"11":0,"12":0,"13":0,"14":0,"15":0,"16":0,"17":0,"18":0,"19":0,"20":0,"21":0,"22":0,"23":0},"f":{"0":0},"b":{"0":[0]}}
,"/home/james/Documents/WS/porteiroSeverino/src/database.ts": {"path":"/home/james/Documents/WS/porteiroSeverino/src/database.ts","statementMap":{"0":{"start":{"line":1,"column":0},"end":{"line":1,"column":32}},"1":{"start":{"line":3,"column":18},"end":{"line":11,"column":2}},"2":{"start":{"line":3,"column":48},"end":{"line":11,"column":2}},"3":{"start":{"line":4,"column":4},"end":{"line":10,"column":5}},"4":{"start":{"line":5,"column":8},"end":{"line":5,"column":44}},"5":{"start":{"line":6,"column":8},"end":{"line":6,"column":65}},"6":{"start":{"line":8,"column":8},"end":{"line":8,"column":68}},"7":{"start":{"line":9,"column":8},"end":{"line":9,"column":24}},"8":{"start":{"line":13,"column":0},"end":{"line":13,"column":25}}},"fnMap":{"0":{"name":"(anonymous_8)","decl":{"start":{"line":3,"column":18},"end":{"line":3,"column":25}},"loc":{"start":{"line":3,"column":48},"end":{"line":11,"column":2}}},"1":{"name":"(anonymous_9)","decl":{"start":{"line":3,"column":48},"end":{"line":3,"column":null}},"loc":{"start":{"line":3,"column":48},"end":{"line":11,"column":1}}}},"branchMap":{},"s":{"0":0,"1":0,"2":0,"3":0,"4":0,"5":0,"6":0,"7":0,"8":0},"f":{"0":0,"1":0},"b":{}}
,"/home/james/Documents/WS/porteiroSeverino/src/models/attendance.ts": {"path":"/home/james/Documents/WS/porteiroSeverino/src/models/attendance.ts","statementMap":{"0":{"start":{"line":1,"column":0},"end":{"line":1,"column":44}},"1":{"start":{"line":2,"column":0},"end":{"line":2,"column":36}},"2":{"start":{"line":20,"column":28},"end":{"line":26,"column":2}},"3":{"start":{"line":28,"column":25},"end":{"line":34,"column":2}},"4":{"start":{"line":36,"column":0},"end":{"line":48,"column":3}},"5":{"start":{"line":37,"column":4},"end":{"line":47,"column":5}},"6":{"start":{"line":38,"column":24},"end":{"line":38,"column":72}},"7":{"start":{"line":39,"column":8},"end":{"line":43,"column":9}},"8":{"start":{"line":40,"column":12},"end":{"line":40,"column":41}},"9":{"start":{"line":42,"column":12},"end":{"line":42,"column":56}},"10":{"start":{"line":44,"column":8},"end":{"line":44,"column":15}},"11":{"start":{"line":46,"column":8},"end":{"line":46,"column":20}},"12":{"start":{"line":50,"column":19},"end":{"line":50,"column":78}},"13":{"start":{"line":52,"column":9},"end":{"line":52,"column":19}}},"fnMap":{"0":{"name":"(anonymous_8)","decl":{"start":{"line":36,"column":42},"end":{"line":36,"column":58}},"loc":{"start":{"line":36,"column":62},"end":{"line":48,"column":2}}}},"branchMap":{"0":{"loc":{"start":{"line":39,"column":8},"end":{"line":43,"column":9}},"type":"if","locations":[{"start":{"line":39,"column":8},"end":{"line":43,"column":9}},{"start":{"line":41,"column":15},"end":{"line":43,"column":9}}]}},"s":{"0":2,"1":2,"2":2,"3":2,"4":2,"5":2,"6":2,"7":2,"8":1,"9":1,"10":1,"11":1,"12":2,"13":2},"f":{"0":2},"b":{"0":[1,1]}}
,"/home/james/Documents/WS/porteiroSeverino/src/models/class.ts": {"path":"/home/james/Documents/WS/porteiroSeverino/src/models/class.ts","statementMap":{"0":{"start":{"line":1,"column":0},"end":{"line":1,"column":54}},"1":{"start":{"line":11,"column":20},"end":{"line":17,"column":2}},"2":{"start":{"line":19,"column":14},"end":{"line":19,"column":83}},"3":{"start":{"line":21,"column":9},"end":{"line":21,"column":14}}},"fnMap":{},"branchMap":{"0":{"loc":{"start":{"line":19,"column":14},"end":{"line":19,"column":83}},"type":"binary-expr","locations":[{"start":{"line":19,"column":14},"end":{"line":19,"column":35}},{"start":{"line":19,"column":39},"end":{"line":19,"column":83}}]}},"s":{"0":1,"1":1,"2":1,"3":1},"f":{},"b":{"0":[1,1]}}
,"/home/james/Documents/WS/porteiroSeverino/src/models/professor.ts": {"path":"/home/james/Documents/WS/porteiroSeverino/src/models/professor.ts","statementMap":{"0":{"start":{"line":1,"column":0},"end":{"line":1,"column":54}},"1":{"start":{"line":9,"column":32},"end":{"line":13,"column":2}},"2":{"start":{"line":15,"column":18},"end":{"line":15,"column":103}},"3":{"start":{"line":17,"column":9},"end":{"line":17,"column":18}}},"fnMap":{},"branchMap":{"0":{"loc":{"start":{"line":15,"column":18},"end":{"line":15,"column":103}},"type":"binary-expr","locations":[{"start":{"line":15,"column":18},"end":{"line":15,"column":43}},{"start":{"line":15,"column":47},"end":{"line":15,"column":103}}]}},"s":{"0":2,"1":2,"2":2,"3":2},"f":{},"b":{"0":[2,2]}}
,"/home/james/Documents/WS/porteiroSeverino/src/models/student.ts": {"path":"/home/james/Documents/WS/porteiroSeverino/src/models/student.ts","statementMap":{"0":{"start":{"line":1,"column":0},"end":{"line":1,"column":54}},"1":{"start":{"line":9,"column":22},"end":{"line":13,"column":2}},"2":{"start":{"line":15,"column":16},"end":{"line":15,"column":93}},"3":{"start":{"line":17,"column":9},"end":{"line":17,"column":16}}},"fnMap":{},"branchMap":{"0":{"loc":{"start":{"line":15,"column":16},"end":{"line":15,"column":93}},"type":"binary-expr","locations":[{"start":{"line":15,"column":16},"end":{"line":15,"column":39}},{"start":{"line":15,"column":43},"end":{"line":15,"column":93}}]}},"s":{"0":3,"1":3,"2":3,"3":3},"f":{},"b":{"0":[3,3]}}
,"/home/james/Documents/WS/porteiroSeverino/src/models/subject.ts": {"path":"/home/james/Documents/WS/porteiroSeverino/src/models/subject.ts","statementMap":{"0":{"start":{"line":1,"column":0},"end":{"line":1,"column":54}},"1":{"start":{"line":8,"column":30},"end":{"line":11,"column":2}},"2":{"start":{"line":13,"column":16},"end":{"line":13,"column":93}},"3":{"start":{"line":15,"column":9},"end":{"line":15,"column":16}}},"fnMap":{},"branchMap":{"0":{"loc":{"start":{"line":13,"column":16},"end":{"line":13,"column":93}},"type":"binary-expr","locations":[{"start":{"line":13,"column":16},"end":{"line":13,"column":39}},{"start":{"line":13,"column":43},"end":{"line":13,"column":93}}]}},"s":{"0":1,"1":1,"2":1,"3":1},"f":{},"b":{"0":[1,1]}}
,"/home/james/Documents/WS/porteiroSeverino/src/routes/attendances.ts": {"path":"/home/james/Documents/WS/porteiroSeverino/src/routes/attendances.ts","statementMap":{"0":{"start":{"line":1,"column":0},"end":{"line":1,"column":33}},"1":{"start":{"line":2,"column":0},"end":{"line":2,"column":50}},"2":{"start":{"line":3,"column":0},"end":{"line":3,"column":40}},"3":{"start":{"line":4,"column":0},"end":{"line":4,"column":48}},"4":{"start":{"line":6,"column":15},"end":{"line":6,"column":23}},"5":{"start":{"line":8,"column":0},"end":{"line":47,"column":3}},"6":{"start":{"line":8,"column":61},"end":{"line":47,"column":2}},"7":{"start":{"line":9,"column":4},"end":{"line":46,"column":5}},"8":{"start":{"line":10,"column":28},"end":{"line":10,"column":38}},"9":{"start":{"line":11,"column":91},"end":{"line":11,"column":99}},"10":{"start":{"line":13,"column":8},"end":{"line":15,"column":9}},"11":{"start":{"line":14,"column":12},"end":{"line":14,"column":136}},"12":{"start":{"line":17,"column":28},"end":{"line":17,"column":59}},"13":{"start":{"line":18,"column":8},"end":{"line":20,"column":9}},"14":{"start":{"line":19,"column":12},"end":{"line":19,"column":77}},"15":{"start":{"line":22,"column":32},"end":{"line":22,"column":81}},"16":{"start":{"line":23,"column":8},"end":{"line":25,"column":9}},"17":{"start":{"line":24,"column":12},"end":{"line":24,"column":81}},"18":{"start":{"line":27,"column":26},"end":{"line":27,"column":36}},"19":{"start":{"line":28,"column":27},"end":{"line":39,"column":10}},"20":{"start":{"line":41,"column":8},"end":{"line":41,"column":32}},"21":{"start":{"line":42,"column":8},"end":{"line":42,"column":41}},"22":{"start":{"line":44,"column":8},"end":{"line":44,"column":29}},"23":{"start":{"line":45,"column":8},"end":{"line":45,"column":78}},"24":{"start":{"line":49,"column":0},"end":{"line":63,"column":3}},"25":{"start":{"line":49,"column":59},"end":{"line":63,"column":2}},"26":{"start":{"line":50,"column":4},"end":{"line":62,"column":5}},"27":{"start":{"line":51,"column":28},"end":{"line":51,"column":38}},"28":{"start":{"line":52,"column":30},"end":{"line":52,"column":38}},"29":{"start":{"line":53,"column":24},"end":{"line":53,"column":34}},"30":{"start":{"line":54,"column":8},"end":{"line":57,"column":10}},"31":{"start":{"line":58,"column":8},"end":{"line":58,"column":null}},"32":{"start":{"line":60,"column":8},"end":{"line":60,"column":29}},"33":{"start":{"line":61,"column":8},"end":{"line":61,"column":85}},"34":{"start":{"line":65,"column":0},"end":{"line":65,"column":22}}},"fnMap":{"0":{"name":"(anonymous_7)","decl":{"start":{"line":8,"column":42},"end":{"line":8,"column":49}},"loc":{"start":{"line":8,"column":61},"end":{"line":47,"column":2}}},"1":{"name":"(anonymous_8)","decl":{"start":{"line":8,"column":61},"end":{"line":8,"column":null}},"loc":{"start":{"line":8,"column":61},"end":{"line":47,"column":1}}},"2":{"name":"(anonymous_9)","decl":{"start":{"line":49,"column":40},"end":{"line":49,"column":47}},"loc":{"start":{"line":49,"column":59},"end":{"line":63,"column":2}}},"3":{"name":"(anonymous_10)","decl":{"start":{"line":49,"column":59},"end":{"line":49,"column":null}},"loc":{"start":{"line":49,"column":59},"end":{"line":63,"column":1}}}},"branchMap":{"0":{"loc":{"start":{"line":13,"column":8},"end":{"line":15,"column":9}},"type":"if","locations":[{"start":{"line":13,"column":8},"end":{"line":15,"column":9}}]},"1":{"loc":{"start":{"line":13,"column":12},"end":{"line":13,"column":101}},"type":"binary-expr","locations":[{"start":{"line":13,"column":12},"end":{"line":13,"column":22}},{"start":{"line":13,"column":26},"end":{"line":13,"column":35}},{"start":{"line":13,"column":39},"end":{"line":13,"column":44}},{"start":{"line":13,"column":48},"end":{"line":13,"column":56}},{"start":{"line":13,"column":60},"end":{"line":13,"column":73}},{"start":{"line":13,"column":77},"end":{"line":13,"column":82}},{"start":{"line":13,"column":86},"end":{"line":13,"column":101}}]},"2":{"loc":{"start":{"line":18,"column":8},"end":{"line":20,"column":9}},"type":"if","locations":[{"start":{"line":18,"column":8},"end":{"line":20,"column":9}}]},"3":{"loc":{"start":{"line":23,"column":8},"end":{"line":25,"column":9}},"type":"if","locations":[{"start":{"line":23,"column":8},"end":{"line":25,"column":9}}]}},"s":{"0":0,"1":0,"2":0,"3":0,"4":0,"5":0,"6":0,"7":0,"8":0,"9":0,"10":0,"11":0,"12":0,"13":0,"14":0,"15":0,"16":0,"17":0,"18":0,"19":0,"20":0,"21":0,"22":0,"23":0,"24":0,"25":0,"26":0,"27":0,"28":0,"29":0,"30":0,"31":0,"32":0,"33":0,"34":0},"f":{"0":0,"1":0,"2":0,"3":0},"b":{"0":[0],"1":[0,0,0,0,0,0,0],"2":[0],"3":[0]}}
,"/home/james/Documents/WS/porteiroSeverino/src/routes/classes.ts": {"path":"/home/james/Documents/WS/porteiroSeverino/src/routes/classes.ts","statementMap":{"0":{"start":{"line":1,"column":0},"end":{"line":1,"column":52}},"1":{"start":{"line":2,"column":0},"end":{"line":2,"column":40}},"2":{"start":{"line":3,"column":0},"end":{"line":3,"column":44}},"3":{"start":{"line":5,"column":15},"end":{"line":5,"column":23}},"4":{"start":{"line":7,"column":0},"end":{"line":15,"column":3}},"5":{"start":{"line":7,"column":55},"end":{"line":15,"column":2}},"6":{"start":{"line":8,"column":4},"end":{"line":14,"column":5}},"7":{"start":{"line":9,"column":26},"end":{"line":9,"column":34}},"8":{"start":{"line":10,"column":22},"end":{"line":10,"column":51}},"9":{"start":{"line":11,"column":8},"end":{"line":11,"column":36}},"10":{"start":{"line":13,"column":8},"end":{"line":13,"column":72}},"11":{"start":{"line":17,"column":0},"end":{"line":24,"column":3}},"12":{"start":{"line":17,"column":54},"end":{"line":24,"column":2}},"13":{"start":{"line":18,"column":4},"end":{"line":23,"column":5}},"14":{"start":{"line":19,"column":23},"end":{"line":19,"column":41}},"15":{"start":{"line":20,"column":8},"end":{"line":20,"column":25}},"16":{"start":{"line":22,"column":8},"end":{"line":22,"column":73}},"17":{"start":{"line":26,"column":0},"end":{"line":39,"column":3}},"18":{"start":{"line":26,"column":62},"end":{"line":39,"column":2}},"19":{"start":{"line":27,"column":20},"end":{"line":27,"column":38}},"20":{"start":{"line":28,"column":22},"end":{"line":28,"column":30}},"21":{"start":{"line":30,"column":4},"end":{"line":38,"column":5}},"22":{"start":{"line":31,"column":29},"end":{"line":31,"column":96}},"23":{"start":{"line":32,"column":8},"end":{"line":34,"column":9}},"24":{"start":{"line":33,"column":12},"end":{"line":33,"column":77}},"25":{"start":{"line":35,"column":8},"end":{"line":35,"column":31}},"26":{"start":{"line":37,"column":8},"end":{"line":37,"column":76}},"27":{"start":{"line":41,"column":0},"end":{"line":53,"column":3}},"28":{"start":{"line":41,"column":65},"end":{"line":53,"column":2}},"29":{"start":{"line":42,"column":20},"end":{"line":42,"column":38}},"30":{"start":{"line":44,"column":4},"end":{"line":52,"column":5}},"31":{"start":{"line":45,"column":29},"end":{"line":45,"column":70}},"32":{"start":{"line":46,"column":8},"end":{"line":48,"column":9}},"33":{"start":{"line":47,"column":12},"end":{"line":47,"column":77}},"34":{"start":{"line":49,"column":8},"end":{"line":49,"column":28}},"35":{"start":{"line":51,"column":8},"end":{"line":51,"column":74}},"36":{"start":{"line":55,"column":0},"end":{"line":79,"column":3}},"37":{"start":{"line":55,"column":67},"end":{"line":79,"column":2}},"38":{"start":{"line":56,"column":20},"end":{"line":56,"column":38}},"39":{"start":{"line":57,"column":25},"end":{"line":57,"column":48}},"40":{"start":{"line":59,"column":4},"end":{"line":78,"column":5}},"41":{"start":{"line":60,"column":25},"end":{"line":60,"column":57}},"42":{"start":{"line":61,"column":24},"end":{"line":61,"column":70}},"43":{"start":{"line":63,"column":8},"end":{"line":65,"column":9}},"44":{"start":{"line":64,"column":12},"end":{"line":64,"column":86}},"45":{"start":{"line":67,"column":8},"end":{"line":69,"column":9}},"46":{"start":{"line":68,"column":12},"end":{"line":68,"column":91}},"47":{"start":{"line":71,"column":8},"end":{"line":71,"column":46}},"48":{"start":{"line":72,"column":8},"end":{"line":72,"column":30}},"49":{"start":{"line":74,"column":8},"end":{"line":74,"column":72}},"50":{"start":{"line":76,"column":8},"end":{"line":76,"column":29}},"51":{"start":{"line":77,"column":8},"end":{"line":77,"column":79}},"52":{"start":{"line":81,"column":0},"end":{"line":100,"column":3}},"53":{"start":{"line":81,"column":69},"end":{"line":100,"column":2}},"54":{"start":{"line":82,"column":20},"end":{"line":82,"column":38}},"55":{"start":{"line":83,"column":25},"end":{"line":83,"column":48}},"56":{"start":{"line":85,"column":4},"end":{"line":99,"column":5}},"57":{"start":{"line":86,"column":25},"end":{"line":86,"column":57}},"58":{"start":{"line":88,"column":8},"end":{"line":90,"column":9}},"59":{"start":{"line":89,"column":12},"end":{"line":89,"column":77}},"60":{"start":{"line":92,"column":8},"end":{"line":92,"column":96}},"61":{"start":{"line":92,"column":72},"end":{"line":92,"column":94}},"62":{"start":{"line":93,"column":8},"end":{"line":93,"column":30}},"63":{"start":{"line":95,"column":8},"end":{"line":95,"column":69}},"64":{"start":{"line":97,"column":8},"end":{"line":97,"column":29}},"65":{"start":{"line":98,"column":8},"end":{"line":98,"column":76}},"66":{"start":{"line":102,"column":0},"end":{"line":102,"column":22}}},"fnMap":{"0":{"name":"(anonymous_7)","decl":{"start":{"line":7,"column":17},"end":{"line":7,"column":24}},"loc":{"start":{"line":7,"column":55},"end":{"line":15,"column":2}}},"1":{"name":"(anonymous_8)","decl":{"start":{"line":7,"column":55},"end":{"line":7,"column":null}},"loc":{"start":{"line":7,"column":55},"end":{"line":15,"column":1}}},"2":{"name":"(anonymous_9)","decl":{"start":{"line":17,"column":16},"end":{"line":17,"column":23}},"loc":{"start":{"line":17,"column":54},"end":{"line":24,"column":2}}},"3":{"name":"(anonymous_10)","decl":{"start":{"line":17,"column":54},"end":{"line":17,"column":null}},"loc":{"start":{"line":17,"column":54},"end":{"line":24,"column":1}}},"4":{"name":"(anonymous_11)","decl":{"start":{"line":26,"column":24},"end":{"line":26,"column":31}},"loc":{"start":{"line":26,"column":62},"end":{"line":39,"column":2}}},"5":{"name":"(anonymous_12)","decl":{"start":{"line":26,"column":62},"end":{"line":26,"column":null}},"loc":{"start":{"line":26,"column":62},"end":{"line":39,"column":1}}},"6":{"name":"(anonymous_13)","decl":{"start":{"line":41,"column":27},"end":{"line":41,"column":34}},"loc":{"start":{"line":41,"column":65},"end":{"line":53,"column":2}}},"7":{"name":"(anonymous_14)","decl":{"start":{"line":41,"column":65},"end":{"line":41,"column":null}},"loc":{"start":{"line":41,"column":65},"end":{"line":53,"column":1}}},"8":{"name":"(anonymous_15)","decl":{"start":{"line":55,"column":48},"end":{"line":55,"column":55}},"loc":{"start":{"line":55,"column":67},"end":{"line":79,"column":2}}},"9":{"name":"(anonymous_16)","decl":{"start":{"line":55,"column":67},"end":{"line":55,"column":null}},"loc":{"start":{"line":55,"column":67},"end":{"line":79,"column":1}}},"10":{"name":"(anonymous_17)","decl":{"start":{"line":81,"column":50},"end":{"line":81,"column":57}},"loc":{"start":{"line":81,"column":69},"end":{"line":100,"column":2}}},"11":{"name":"(anonymous_18)","decl":{"start":{"line":81,"column":69},"end":{"line":81,"column":null}},"loc":{"start":{"line":81,"column":69},"end":{"line":100,"column":1}}},"12":{"name":"(anonymous_19)","decl":{"start":{"line":92,"column":53},"end":{"line":92,"column":54}},"loc":{"start":{"line":92,"column":72},"end":{"line":92,"column":94}}}},"branchMap":{"0":{"loc":{"start":{"line":32,"column":8},"end":{"line":34,"column":9}},"type":"if","locations":[{"start":{"line":32,"column":8},"end":{"line":34,"column":9}}]},"1":{"loc":{"start":{"line":46,"column":8},"end":{"line":48,"column":9}},"type":"if","locations":[{"start":{"line":46,"column":8},"end":{"line":48,"column":9}}]},"2":{"loc":{"start":{"line":63,"column":8},"end":{"line":65,"column":9}},"type":"if","locations":[{"start":{"line":63,"column":8},"end":{"line":65,"column":9}}]},"3":{"loc":{"start":{"line":63,"column":12},"end":{"line":63,"column":33}},"type":"binary-expr","locations":[{"start":{"line":63,"column":12},"end":{"line":63,"column":21}},{"start":{"line":63,"column":25},"end":{"line":63,"column":33}}]},"4":{"loc":{"start":{"line":67,"column":8},"end":{"line":69,"column":9}},"type":"if","locations":[{"start":{"line":67,"column":8},"end":{"line":69,"column":9}}]},"5":{"loc":{"start":{"line":88,"column":8},"end":{"line":90,"column":9}},"type":"if","locations":[{"start":{"line":88,"column":8},"end":{"line":90,"column":9}}]}},"s":{"0":0,"1":0,"2":0,"3":0,"4":0,"5":0,"6":0,"7":0,"8":0,"9":0,"10":0,"11":0,"12":0,"13":0,"14":0,"15":0,"16":0,"17":0,"18":0,"19":0,"20":0,"21":0,"22":0,"23":0,"24":0,"25":0,"26":0,"27":0,"28":0,"29":0,"30":0,"31":0,"32":0,"33":0,"34":0,"35":0,"36":0,"37":0,"38":0,"39":0,"40":0,"41":0,"42":0,"43":0,"44":0,"45":0,"46":0,"47":0,"48":0,"49":0,"50":0,"51":0,"52":0,"53":0,"54":0,"55":0,"56":0,"57":0,"58":0,"59":0,"60":0,"61":0,"62":0,"63":0,"64":0,"65":0,"66":0},"f":{"0":0,"1":0,"2":0,"3":0,"4":0,"5":0,"6":0,"7":0,"8":0,"9":0,"10":0,"11":0,"12":0},"b":{"0":[0],"1":[0],"2":[0],"3":[0,0],"4":[0],"5":[0]}}
,"/home/james/Documents/WS/porteiroSeverino/src/routes/professors.ts": {"path":"/home/james/Documents/WS/porteiroSeverino/src/routes/professors.ts","statementMap":{"0":{"start":{"line":1,"column":0},"end":{"line":1,"column":52}},"1":{"start":{"line":2,"column":0},"end":{"line":2,"column":48}},"2":{"start":{"line":3,"column":0},"end":{"line":3,"column":44}},"3":{"start":{"line":6,"column":15},"end":{"line":6,"column":23}},"4":{"start":{"line":8,"column":0},"end":{"line":16,"column":3}},"5":{"start":{"line":8,"column":55},"end":{"line":16,"column":2}},"6":{"start":{"line":9,"column":4},"end":{"line":15,"column":5}},"7":{"start":{"line":10,"column":30},"end":{"line":10,"column":38}},"8":{"start":{"line":11,"column":26},"end":{"line":11,"column":63}},"9":{"start":{"line":12,"column":8},"end":{"line":12,"column":40}},"10":{"start":{"line":14,"column":8},"end":{"line":14,"column":76}},"11":{"start":{"line":18,"column":0},"end":{"line":25,"column":3}},"12":{"start":{"line":18,"column":54},"end":{"line":25,"column":2}},"13":{"start":{"line":19,"column":4},"end":{"line":24,"column":5}},"14":{"start":{"line":20,"column":28},"end":{"line":20,"column":50}},"15":{"start":{"line":21,"column":8},"end":{"line":21,"column":30}},"16":{"start":{"line":23,"column":8},"end":{"line":23,"column":78}},"17":{"start":{"line":27,"column":0},"end":{"line":38,"column":3}},"18":{"start":{"line":27,"column":41},"end":{"line":38,"column":2}},"19":{"start":{"line":28,"column":4},"end":{"line":37,"column":5}},"20":{"start":{"line":29,"column":31},"end":{"line":29,"column":47}},"21":{"start":{"line":30,"column":26},"end":{"line":30,"column":76}},"22":{"start":{"line":31,"column":8},"end":{"line":33,"column":9}},"23":{"start":{"line":32,"column":12},"end":{"line":32,"column":81}},"24":{"start":{"line":34,"column":8},"end":{"line":34,"column":28}},"25":{"start":{"line":36,"column":8},"end":{"line":36,"column":76}},"26":{"start":{"line":40,"column":0},"end":{"line":52,"column":3}},"27":{"start":{"line":40,"column":60},"end":{"line":52,"column":2}},"28":{"start":{"line":41,"column":4},"end":{"line":51,"column":5}},"29":{"start":{"line":42,"column":31},"end":{"line":42,"column":47}},"30":{"start":{"line":43,"column":30},"end":{"line":43,"column":38}},"31":{"start":{"line":44,"column":33},"end":{"line":44,"column":122}},"32":{"start":{"line":45,"column":8},"end":{"line":47,"column":9}},"33":{"start":{"line":46,"column":12},"end":{"line":46,"column":81}},"34":{"start":{"line":48,"column":8},"end":{"line":48,"column":35}},"35":{"start":{"line":50,"column":8},"end":{"line":50,"column":80}},"36":{"start":{"line":54,"column":0},"end":{"line":65,"column":3}},"37":{"start":{"line":54,"column":63},"end":{"line":65,"column":2}},"38":{"start":{"line":55,"column":4},"end":{"line":64,"column":5}},"39":{"start":{"line":56,"column":31},"end":{"line":56,"column":47}},"40":{"start":{"line":57,"column":33},"end":{"line":57,"column":92}},"41":{"start":{"line":58,"column":8},"end":{"line":60,"column":9}},"42":{"start":{"line":59,"column":12},"end":{"line":59,"column":81}},"43":{"start":{"line":61,"column":8},"end":{"line":61,"column":28}},"44":{"start":{"line":63,"column":8},"end":{"line":63,"column":78}},"45":{"start":{"line":67,"column":0},"end":{"line":87,"column":3}},"46":{"start":{"line":67,"column":59},"end":{"line":87,"column":2}},"47":{"start":{"line":68,"column":4},"end":{"line":86,"column":5}},"48":{"start":{"line":69,"column":34},"end":{"line":69,"column":44}},"49":{"start":{"line":70,"column":24},"end":{"line":70,"column":54}},"50":{"start":{"line":72,"column":8},"end":{"line":74,"column":9}},"51":{"start":{"line":73,"column":12},"end":{"line":73,"column":82}},"52":{"start":{"line":76,"column":33},"end":{"line":76,"column":128}},"53":{"start":{"line":78,"column":8},"end":{"line":80,"column":9}},"54":{"start":{"line":79,"column":12},"end":{"line":79,"column":81}},"55":{"start":{"line":82,"column":8},"end":{"line":82,"column":79}},"56":{"start":{"line":84,"column":8},"end":{"line":84,"column":29}},"57":{"start":{"line":85,"column":8},"end":{"line":85,"column":93}},"58":{"start":{"line":89,"column":0},"end":{"line":109,"column":3}},"59":{"start":{"line":89,"column":61},"end":{"line":109,"column":2}},"60":{"start":{"line":90,"column":4},"end":{"line":108,"column":5}},"61":{"start":{"line":91,"column":34},"end":{"line":91,"column":44}},"62":{"start":{"line":92,"column":24},"end":{"line":92,"column":54}},"63":{"start":{"line":94,"column":8},"end":{"line":96,"column":9}},"64":{"start":{"line":95,"column":12},"end":{"line":95,"column":82}},"65":{"start":{"line":98,"column":33},"end":{"line":98,"column":124}},"66":{"start":{"line":100,"column":8},"end":{"line":102,"column":9}},"67":{"start":{"line":101,"column":12},"end":{"line":101,"column":81}},"68":{"start":{"line":104,"column":8},"end":{"line":104,"column":78}},"69":{"start":{"line":106,"column":8},"end":{"line":106,"column":29}},"70":{"start":{"line":107,"column":8},"end":{"line":107,"column":96}},"71":{"start":{"line":111,"column":0},"end":{"line":111,"column":22}}},"fnMap":{"0":{"name":"(anonymous_7)","decl":{"start":{"line":8,"column":17},"end":{"line":8,"column":24}},"loc":{"start":{"line":8,"column":55},"end":{"line":16,"column":2}}},"1":{"name":"(anonymous_8)","decl":{"start":{"line":8,"column":55},"end":{"line":8,"column":null}},"loc":{"start":{"line":8,"column":55},"end":{"line":16,"column":1}}},"2":{"name":"(anonymous_9)","decl":{"start":{"line":18,"column":16},"end":{"line":18,"column":23}},"loc":{"start":{"line":18,"column":54},"end":{"line":25,"column":2}}},"3":{"name":"(anonymous_10)","decl":{"start":{"line":18,"column":54},"end":{"line":18,"column":null}},"loc":{"start":{"line":18,"column":54},"end":{"line":25,"column":1}}},"4":{"name":"(anonymous_11)","decl":{"start":{"line":27,"column":22},"end":{"line":27,"column":29}},"loc":{"start":{"line":27,"column":41},"end":{"line":38,"column":2}}},"5":{"name":"(anonymous_12)","decl":{"start":{"line":27,"column":41},"end":{"line":27,"column":null}},"loc":{"start":{"line":27,"column":41},"end":{"line":38,"column":1}}},"6":{"name":"(anonymous_13)","decl":{"start":{"line":40,"column":22},"end":{"line":40,"column":29}},"loc":{"start":{"line":40,"column":60},"end":{"line":52,"column":2}}},"7":{"name":"(anonymous_14)","decl":{"start":{"line":40,"column":60},"end":{"line":40,"column":null}},"loc":{"start":{"line":40,"column":60},"end":{"line":52,"column":1}}},"8":{"name":"(anonymous_15)","decl":{"start":{"line":54,"column":25},"end":{"line":54,"column":32}},"loc":{"start":{"line":54,"column":63},"end":{"line":65,"column":2}}},"9":{"name":"(anonymous_16)","decl":{"start":{"line":54,"column":63},"end":{"line":54,"column":null}},"loc":{"start":{"line":54,"column":63},"end":{"line":65,"column":1}}},"10":{"name":"(anonymous_17)","decl":{"start":{"line":67,"column":40},"end":{"line":67,"column":47}},"loc":{"start":{"line":67,"column":59},"end":{"line":87,"column":2}}},"11":{"name":"(anonymous_18)","decl":{"start":{"line":67,"column":59},"end":{"line":67,"column":null}},"loc":{"start":{"line":67,"column":59},"end":{"line":87,"column":1}}},"12":{"name":"(anonymous_19)","decl":{"start":{"line":89,"column":42},"end":{"line":89,"column":49}},"loc":{"start":{"line":89,"column":61},"end":{"line":109,"column":2}}},"13":{"name":"(anonymous_20)","decl":{"start":{"line":89,"column":61},"end":{"line":89,"column":null}},"loc":{"start":{"line":89,"column":61},"end":{"line":109,"column":1}}}},"branchMap":{"0":{"loc":{"start":{"line":31,"column":8},"end":{"line":33,"column":9}},"type":"if","locations":[{"start":{"line":31,"column":8},"end":{"line":33,"column":9}}]},"1":{"loc":{"start":{"line":45,"column":8},"end":{"line":47,"column":9}},"type":"if","locations":[{"start":{"line":45,"column":8},"end":{"line":47,"column":9}}]},"2":{"loc":{"start":{"line":58,"column":8},"end":{"line":60,"column":9}},"type":"if","locations":[{"start":{"line":58,"column":8},"end":{"line":60,"column":9}}]},"3":{"loc":{"start":{"line":72,"column":8},"end":{"line":74,"column":9}},"type":"if","locations":[{"start":{"line":72,"column":8},"end":{"line":74,"column":9}}]},"4":{"loc":{"start":{"line":78,"column":8},"end":{"line":80,"column":9}},"type":"if","locations":[{"start":{"line":78,"column":8},"end":{"line":80,"column":9}}]},"5":{"loc":{"start":{"line":94,"column":8},"end":{"line":96,"column":9}},"type":"if","locations":[{"start":{"line":94,"column":8},"end":{"line":96,"column":9}}]},"6":{"loc":{"start":{"line":100,"column":8},"end":{"line":102,"column":9}},"type":"if","locations":[{"start":{"line":100,"column":8},"end":{"line":102,"column":9}}]}},"s":{"0":0,"1":0,"2":0,"3":0,"4":0,"5":0,"6":0,"7":0,"8":0,"9":0,"10":0,"11":0,"12":0,"13":0,"14":0,"15":0,"16":0,"17":0,"18":0,"19":0,"20":0,"21":0,"22":0,"23":0,"24":0,"25":0,"26":0,"27":0,"28":0,"29":0,"30":0,"31":0,"32":0,"33":0,"34":0,"35":0,"36":0,"37":0,"38":0,"39":0,"40":0,"41":0,"42":0,"43":0,"44":0,"45":0,"46":0,"47":0,"48":0,"49":0,"50":0,"51":0,"52":0,"53":0,"54":0,"55":0,"56":0,"57":0,"58":0,"59":0,"60":0,"61":0,"62":0,"63":0,"64":0,"65":0,"66":0,"67":0,"68":0,"69":0,"70":0,"71":0},"f":{"0":0,"1":0,"2":0,"3":0,"4":0,"5":0,"6":0,"7":0,"8":0,"9":0,"10":0,"11":0,"12":0,"13":0},"b":{"0":[0],"1":[0],"2":[0],"3":[0],"4":[0],"5":[0],"6":[0]}}
,"/home/james/Documents/WS/porteiroSeverino/src/routes/students.ts": {"path":"/home/james/Documents/WS/porteiroSeverino/src/routes/students.ts","statementMap":{"0":{"start":{"line":1,"column":0},"end":{"line":1,"column":52}},"1":{"start":{"line":2,"column":0},"end":{"line":2,"column":44}},"2":{"start":{"line":4,"column":15},"end":{"line":4,"column":23}},"3":{"start":{"line":6,"column":0},"end":{"line":14,"column":3}},"4":{"start":{"line":6,"column":55},"end":{"line":14,"column":2}},"5":{"start":{"line":7,"column":4},"end":{"line":13,"column":5}},"6":{"start":{"line":8,"column":26},"end":{"line":8,"column":34}},"7":{"start":{"line":9,"column":22},"end":{"line":9,"column":53}},"8":{"start":{"line":10,"column":8},"end":{"line":10,"column":36}},"9":{"start":{"line":12,"column":8},"end":{"line":12,"column":72}},"10":{"start":{"line":16,"column":0},"end":{"line":23,"column":3}},"11":{"start":{"line":16,"column":54},"end":{"line":23,"column":2}},"12":{"start":{"line":17,"column":4},"end":{"line":22,"column":5}},"13":{"start":{"line":18,"column":23},"end":{"line":18,"column":43}},"14":{"start":{"line":19,"column":8},"end":{"line":19,"column":25}},"15":{"start":{"line":21,"column":8},"end":{"line":21,"column":73}},"16":{"start":{"line":25,"column":0},"end":{"line":35,"column":3}},"17":{"start":{"line":25,"column":38},"end":{"line":35,"column":2}},"18":{"start":{"line":26,"column":4},"end":{"line":34,"column":5}},"19":{"start":{"line":27,"column":24},"end":{"line":27,"column":61}},"20":{"start":{"line":28,"column":8},"end":{"line":30,"column":9}},"21":{"start":{"line":29,"column":12},"end":{"line":29,"column":77}},"22":{"start":{"line":31,"column":8},"end":{"line":31,"column":26}},"23":{"start":{"line":33,"column":8},"end":{"line":33,"column":72}},"24":{"start":{"line":37,"column":0},"end":{"line":44,"column":3}},"25":{"start":{"line":37,"column":57},"end":{"line":44,"column":2}},"26":{"start":{"line":38,"column":4},"end":{"line":43,"column":5}},"27":{"start":{"line":39,"column":8},"end":{"line":39,"column":65}},"28":{"start":{"line":40,"column":8},"end":{"line":40,"column":62}},"29":{"start":{"line":42,"column":8},"end":{"line":42,"column":76}},"30":{"start":{"line":46,"column":0},"end":{"line":57,"column":3}},"31":{"start":{"line":46,"column":60},"end":{"line":57,"column":2}},"32":{"start":{"line":47,"column":4},"end":{"line":56,"column":5}},"33":{"start":{"line":48,"column":24},"end":{"line":48,"column":37}},"34":{"start":{"line":49,"column":22},"end":{"line":49,"column":62}},"35":{"start":{"line":50,"column":8},"end":{"line":52,"column":9}},"36":{"start":{"line":51,"column":12},"end":{"line":51,"column":77}},"37":{"start":{"line":53,"column":8},"end":{"line":53,"column":28}},"38":{"start":{"line":55,"column":8},"end":{"line":55,"column":74}},"39":{"start":{"line":59,"column":0},"end":{"line":59,"column":22}}},"fnMap":{"0":{"name":"(anonymous_7)","decl":{"start":{"line":6,"column":17},"end":{"line":6,"column":24}},"loc":{"start":{"line":6,"column":55},"end":{"line":14,"column":2}}},"1":{"name":"(anonymous_8)","decl":{"start":{"line":6,"column":55},"end":{"line":6,"column":null}},"loc":{"start":{"line":6,"column":55},"end":{"line":14,"column":1}}},"2":{"name":"(anonymous_9)","decl":{"start":{"line":16,"column":16},"end":{"line":16,"column":23}},"loc":{"start":{"line":16,"column":54},"end":{"line":23,"column":2}}},"3":{"name":"(anonymous_10)","decl":{"start":{"line":16,"column":54},"end":{"line":16,"column":null}},"loc":{"start":{"line":16,"column":54},"end":{"line":23,"column":1}}},"4":{"name":"(anonymous_11)","decl":{"start":{"line":25,"column":19},"end":{"line":25,"column":26}},"loc":{"start":{"line":25,"column":38},"end":{"line":35,"column":2}}},"5":{"name":"(anonymous_12)","decl":{"start":{"line":25,"column":38},"end":{"line":25,"column":null}},"loc":{"start":{"line":25,"column":38},"end":{"line":35,"column":1}}},"6":{"name":"(anonymous_13)","decl":{"start":{"line":37,"column":19},"end":{"line":37,"column":26}},"loc":{"start":{"line":37,"column":57},"end":{"line":44,"column":2}}},"7":{"name":"(anonymous_14)","decl":{"start":{"line":37,"column":57},"end":{"line":37,"column":null}},"loc":{"start":{"line":37,"column":57},"end":{"line":44,"column":1}}},"8":{"name":"(anonymous_15)","decl":{"start":{"line":46,"column":22},"end":{"line":46,"column":29}},"loc":{"start":{"line":46,"column":60},"end":{"line":57,"column":2}}},"9":{"name":"(anonymous_16)","decl":{"start":{"line":46,"column":60},"end":{"line":46,"column":null}},"loc":{"start":{"line":46,"column":60},"end":{"line":57,"column":1}}}},"branchMap":{"0":{"loc":{"start":{"line":28,"column":8},"end":{"line":30,"column":9}},"type":"if","locations":[{"start":{"line":28,"column":8},"end":{"line":30,"column":9}}]},"1":{"loc":{"start":{"line":50,"column":8},"end":{"line":52,"column":9}},"type":"if","locations":[{"start":{"line":50,"column":8},"end":{"line":52,"column":9}}]}},"s":{"0":0,"1":0,"2":0,"3":0,"4":0,"5":0,"6":0,"7":0,"8":0,"9":0,"10":0,"11":0,"12":0,"13":0,"14":0,"15":0,"16":0,"17":0,"18":0,"19":0,"20":0,"21":0,"22":0,"23":0,"24":0,"25":0,"26":0,"27":0,"28":0,"29":0,"30":0,"31":0,"32":0,"33":0,"34":0,"35":0,"36":0,"37":0,"38":0,"39":0},"f":{"0":0,"1":0,"2":0,"3":0,"4":0,"5":0,"6":0,"7":0,"8":0,"9":0},"b":{"0":[0],"1":[0]}}
,"/home/james/Documents/WS/porteiroSeverino/src/routes/subjects.ts": {"path":"/home/james/Documents/WS/porteiroSeverino/src/routes/subjects.ts","statementMap":{"0":{"start":{"line":1,"column":0},"end":{"line":1,"column":52}},"1":{"start":{"line":2,"column":0},"end":{"line":2,"column":44}},"2":{"start":{"line":4,"column":15},"end":{"line":4,"column":23}},"3":{"start":{"line":6,"column":0},"end":{"line":14,"column":3}},"4":{"start":{"line":6,"column":55},"end":{"line":14,"column":2}},"5":{"start":{"line":7,"column":4},"end":{"line":13,"column":5}},"6":{"start":{"line":8,"column":28},"end":{"line":8,"column":36}},"7":{"start":{"line":9,"column":24},"end":{"line":9,"column":57}},"8":{"start":{"line":10,"column":8},"end":{"line":10,"column":38}},"9":{"start":{"line":12,"column":8},"end":{"line":12,"column":77}},"10":{"start":{"line":16,"column":0},"end":{"line":23,"column":3}},"11":{"start":{"line":16,"column":54},"end":{"line":23,"column":2}},"12":{"start":{"line":17,"column":4},"end":{"line":22,"column":5}},"13":{"start":{"line":18,"column":25},"end":{"line":18,"column":45}},"14":{"start":{"line":19,"column":8},"end":{"line":19,"column":27}},"15":{"start":{"line":21,"column":8},"end":{"line":21,"column":78}},"16":{"start":{"line":25,"column":0},"end":{"line":35,"column":3}},"17":{"start":{"line":25,"column":38},"end":{"line":35,"column":2}},"18":{"start":{"line":26,"column":4},"end":{"line":34,"column":5}},"19":{"start":{"line":27,"column":24},"end":{"line":27,"column":68}},"20":{"start":{"line":28,"column":8},"end":{"line":30,"column":9}},"21":{"start":{"line":29,"column":12},"end":{"line":29,"column":82}},"22":{"start":{"line":31,"column":8},"end":{"line":31,"column":26}},"23":{"start":{"line":33,"column":8},"end":{"line":33,"column":77}},"24":{"start":{"line":37,"column":0},"end":{"line":47,"column":3}},"25":{"start":{"line":37,"column":57},"end":{"line":47,"column":2}},"26":{"start":{"line":38,"column":4},"end":{"line":46,"column":5}},"27":{"start":{"line":39,"column":31},"end":{"line":39,"column":109}},"28":{"start":{"line":40,"column":8},"end":{"line":42,"column":9}},"29":{"start":{"line":41,"column":12},"end":{"line":41,"column":82}},"30":{"start":{"line":43,"column":8},"end":{"line":43,"column":67}},"31":{"start":{"line":45,"column":8},"end":{"line":45,"column":81}},"32":{"start":{"line":49,"column":0},"end":{"line":59,"column":3}},"33":{"start":{"line":49,"column":51},"end":{"line":59,"column":2}},"34":{"start":{"line":50,"column":4},"end":{"line":58,"column":5}},"35":{"start":{"line":51,"column":31},"end":{"line":51,"column":84}},"36":{"start":{"line":52,"column":8},"end":{"line":54,"column":9}},"37":{"start":{"line":53,"column":12},"end":{"line":53,"column":82}},"38":{"start":{"line":55,"column":8},"end":{"line":55,"column":28}},"39":{"start":{"line":57,"column":8},"end":{"line":57,"column":79}},"40":{"start":{"line":61,"column":0},"end":{"line":61,"column":22}}},"fnMap":{"0":{"name":"(anonymous_7)","decl":{"start":{"line":6,"column":17},"end":{"line":6,"column":24}},"loc":{"start":{"line":6,"column":55},"end":{"line":14,"column":2}}},"1":{"name":"(anonymous_8)","decl":{"start":{"line":6,"column":55},"end":{"line":6,"column":null}},"loc":{"start":{"line":6,"column":55},"end":{"line":14,"column":1}}},"2":{"name":"(anonymous_9)","decl":{"start":{"line":16,"column":16},"end":{"line":16,"column":23}},"loc":{"start":{"line":16,"column":54},"end":{"line":23,"column":2}}},"3":{"name":"(anonymous_10)","decl":{"start":{"line":16,"column":54},"end":{"line":16,"column":null}},"loc":{"start":{"line":16,"column":54},"end":{"line":23,"column":1}}},"4":{"name":"(anonymous_11)","decl":{"start":{"line":25,"column":19},"end":{"line":25,"column":26}},"loc":{"start":{"line":25,"column":38},"end":{"line":35,"column":2}}},"5":{"name":"(anonymous_12)","decl":{"start":{"line":25,"column":38},"end":{"line":25,"column":null}},"loc":{"start":{"line":25,"column":38},"end":{"line":35,"column":1}}},"6":{"name":"(anonymous_13)","decl":{"start":{"line":37,"column":19},"end":{"line":37,"column":26}},"loc":{"start":{"line":37,"column":57},"end":{"line":47,"column":2}}},"7":{"name":"(anonymous_14)","decl":{"start":{"line":37,"column":57},"end":{"line":37,"column":null}},"loc":{"start":{"line":37,"column":57},"end":{"line":47,"column":1}}},"8":{"name":"(anonymous_15)","decl":{"start":{"line":49,"column":22},"end":{"line":49,"column":29}},"loc":{"start":{"line":49,"column":51},"end":{"line":59,"column":2}}},"9":{"name":"(anonymous_16)","decl":{"start":{"line":49,"column":51},"end":{"line":49,"column":null}},"loc":{"start":{"line":49,"column":51},"end":{"line":59,"column":1}}}},"branchMap":{"0":{"loc":{"start":{"line":28,"column":8},"end":{"line":30,"column":9}},"type":"if","locations":[{"start":{"line":28,"column":8},"end":{"line":30,"column":9}}]},"1":{"loc":{"start":{"line":40,"column":8},"end":{"line":42,"column":9}},"type":"if","locations":[{"start":{"line":40,"column":8},"end":{"line":42,"column":9}}]},"2":{"loc":{"start":{"line":52,"column":8},"end":{"line":54,"column":9}},"type":"if","locations":[{"start":{"line":52,"column":8},"end":{"line":54,"column":9}}]}},"s":{"0":0,"1":0,"2":0,"3":0,"4":0,"5":0,"6":0,"7":0,"8":0,"9":0,"10":0,"11":0,"12":0,"13":0,"14":0,"15":0,"16":0,"17":0,"18":0,"19":0,"20":0,"21":0,"22":0,"23":0,"24":0,"25":0,"26":0,"27":0,"28":0,"29":0,"30":0,"31":0,"32":0,"33":0,"34":0,"35":0,"36":0,"37":0,"38":0,"39":0,"40":0},"f":{"0":0,"1":0,"2":0,"3":0,"4":0,"5":0,"6":0,"7":0,"8":0,"9":0},"b":{"0":[0],"1":[0],"2":[0]}}
}
